[INFO] Scanning for projects...
[WARNING] 
[WARNING] Some problems were encountered while building the effective model for com.escolar:com.escolar:jar:0.0.1-SNAPSHOT
[WARNING] 'dependencies.dependency.(groupId:artifactId:type:classifier)' must be unique: org.springframework.boot:spring-boot-starter-data-jpa:jar -> duplicate declaration of version (?) @ line 34, column 21
[WARNING] 
[WARNING] It is highly recommended to fix these problems because they threaten the stability of your build.
[WARNING] 
[WARNING] For this reason, future Maven versions might no longer support building such malformed projects.
[WARNING] 
[INFO] 
[INFO] ----------------------< com.escolar:com.escolar >-----------------------
[INFO] Building com.escolar 0.0.1-SNAPSHOT
[INFO]   from pom.xml
[INFO] --------------------------------[ jar ]---------------------------------
[WARNING] Parameter 'propertiesEncoding' is unknown for plugin 'maven-resources-plugin:3.1.0:resources (default-resources)'
[INFO] 
[INFO] --- clean:3.1.0:clean (default-clean) @ com.escolar ---
[INFO] Deleting C:\Users\jordy\OneDrive\Documentos\EduTec-Backend\Sistema-de-Administraci-n-Escolar-Backend\target
[INFO] 
[INFO] --- resources:3.1.0:resources (default-resources) @ com.escolar ---
[INFO] Using 'UTF-8' encoding to copy filtered resources.
[INFO] Copying 1 resource
[INFO] Copying 0 resource
[INFO] 
[INFO] --- compiler:3.8.1:compile (default-compile) @ com.escolar ---
[INFO] Changes detected - recompiling the module!
[INFO] Compiling 37 source files to C:\Users\jordy\OneDrive\Documentos\EduTec-Backend\Sistema-de-Administraci-n-Escolar-Backend\target\classes
[INFO] /C:/Users/jordy/OneDrive/Documentos/EduTec-Backend/Sistema-de-Administraci-n-Escolar-Backend/src/main/java/com/tecmilenio/edutec/services/PayPalService.java: C:\Users\jordy\OneDrive\Documentos\EduTec-Backend\Sistema-de-Administraci-n-Escolar-Backend\src\main\java\com\tecmilenio\edutec\services\PayPalService.java uses or overrides a deprecated API.
[INFO] /C:/Users/jordy/OneDrive/Documentos/EduTec-Backend/Sistema-de-Administraci-n-Escolar-Backend/src/main/java/com/tecmilenio/edutec/services/PayPalService.java: Recompile with -Xlint:deprecation for details.
[INFO] Some messages have been simplified; recompile with -Xdiags:verbose to get full output
[INFO] -------------------------------------------------------------
[ERROR] COMPILATION ERROR : 
[INFO] -------------------------------------------------------------
[ERROR] /C:/Users/jordy/OneDrive/Documentos/EduTec-Backend/Sistema-de-Administraci-n-Escolar-Backend/src/main/java/com/tecmilenio/edutec/services/PaymentService.java:[107,19] cannot find symbol
  symbol:   method setSaldoPendiente(java.math.BigDecimal)
  location: variable cuenta of type com.tecmilenio.edutec.model.CuentaAlumno
[ERROR] /C:/Users/jordy/OneDrive/Documentos/EduTec-Backend/Sistema-de-Administraci-n-Escolar-Backend/src/main/java/com/tecmilenio/edutec/services/PaymentService.java:[108,19] cannot find symbol
  symbol:   method setSaldoAFavor(java.math.BigDecimal)
  location: variable cuenta of type com.tecmilenio.edutec.model.CuentaAlumno
[ERROR] /C:/Users/jordy/OneDrive/Documentos/EduTec-Backend/Sistema-de-Administraci-n-Escolar-Backend/src/main/java/com/tecmilenio/edutec/services/PaymentService.java:[116,14] cannot find symbol
  symbol:   method setIdAlumno(java.util.UUID)
  location: variable m of type com.tecmilenio.edutec.model.MovimientoCuenta
[ERROR] /C:/Users/jordy/OneDrive/Documentos/EduTec-Backend/Sistema-de-Administraci-n-Escolar-Backend/src/main/java/com/tecmilenio/edutec/services/PaymentService.java:[117,14] cannot find symbol
  symbol:   method setTipo(com.tecmilenio.edutec.model.MovimientoCuenta.TipoMovimiento)
  location: variable m of type com.tecmilenio.edutec.model.MovimientoCuenta
[ERROR] /C:/Users/jordy/OneDrive/Documentos/EduTec-Backend/Sistema-de-Administraci-n-Escolar-Backend/src/main/java/com/tecmilenio/edutec/services/PaymentService.java:[118,14] cannot find symbol
  symbol:   method setConcepto(java.lang.String)
  location: variable m of type com.tecmilenio.edutec.model.MovimientoCuenta
[ERROR] /C:/Users/jordy/OneDrive/Documentos/EduTec-Backend/Sistema-de-Administraci-n-Escolar-Backend/src/main/java/com/tecmilenio/edutec/services/PaymentService.java:[119,14] cannot find symbol
  symbol:   method setMonto(java.math.BigDecimal)
  location: variable m of type com.tecmilenio.edutec.model.MovimientoCuenta
[ERROR] /C:/Users/jordy/OneDrive/Documentos/EduTec-Backend/Sistema-de-Administraci-n-Escolar-Backend/src/main/java/com/tecmilenio/edutec/services/PaymentService.java:[120,14] cannot find symbol
  symbol:   method setFecha(java.time.LocalDateTime)
  location: variable m of type com.tecmilenio.edutec.model.MovimientoCuenta
[ERROR] /C:/Users/jordy/OneDrive/Documentos/EduTec-Backend/Sistema-de-Administraci-n-Escolar-Backend/src/main/java/com/tecmilenio/edutec/services/PaymentService.java:[139,60] cannot find symbol
  symbol:   method findByIdAlumnoOrderByFechaDesc(java.util.UUID)
  location: variable movimientoRepo of type com.tecmilenio.edutec.repository.MovimientoCuentaRepository
[ERROR] /C:/Users/jordy/OneDrive/Documentos/EduTec-Backend/Sistema-de-Administraci-n-Escolar-Backend/src/main/java/com/tecmilenio/edutec/services/PaymentService.java:[144,38] incompatible types: com.tecmilenio.edutec.model.MovimientoCuenta.ConceptoCargo cannot be converted to java.lang.String
[ERROR] /C:/Users/jordy/OneDrive/Documentos/EduTec-Backend/Sistema-de-Administraci-n-Escolar-Backend/src/main/java/com/tecmilenio/edutec/services/PaymentService.java:[148,25] incompatible types: inference variable T has incompatible bounds
    equality constraints: com.tecmilenio.edutec.dto.response.EstadoCuentaDTO.MovimientoDTO
    lower bounds: java.lang.Object
[ERROR] /C:/Users/jordy/OneDrive/Documentos/EduTec-Backend/Sistema-de-Administraci-n-Escolar-Backend/src/main/java/com/tecmilenio/edutec/services/PaymentService.java:[168,15] cannot find symbol
  symbol:   method setSaldoAFavor(java.math.BigDecimal)
  location: variable cuenta of type com.tecmilenio.edutec.model.CuentaAlumno
[ERROR] /C:/Users/jordy/OneDrive/Documentos/EduTec-Backend/Sistema-de-Administraci-n-Escolar-Backend/src/main/java/com/tecmilenio/edutec/services/PaymentService.java:[169,15] cannot find symbol
  symbol:   method setSaldoPendiente(java.math.BigDecimal)
  location: variable cuenta of type com.tecmilenio.edutec.model.CuentaAlumno
[ERROR] /C:/Users/jordy/OneDrive/Documentos/EduTec-Backend/Sistema-de-Administraci-n-Escolar-Backend/src/main/java/com/tecmilenio/edutec/services/PaymentService.java:[174,10] cannot find symbol
  symbol:   method setIdAlumno(java.util.UUID)
  location: variable m of type com.tecmilenio.edutec.model.MovimientoCuenta
[ERROR] /C:/Users/jordy/OneDrive/Documentos/EduTec-Backend/Sistema-de-Administraci-n-Escolar-Backend/src/main/java/com/tecmilenio/edutec/services/PaymentService.java:[175,10] cannot find symbol
  symbol:   method setTipo(com.tecmilenio.edutec.model.MovimientoCuenta.TipoMovimiento)
  location: variable m of type com.tecmilenio.edutec.model.MovimientoCuenta
[ERROR] /C:/Users/jordy/OneDrive/Documentos/EduTec-Backend/Sistema-de-Administraci-n-Escolar-Backend/src/main/java/com/tecmilenio/edutec/services/PaymentService.java:[176,31] cannot find symbol
  symbol:   method getDescripcion()
  location: variable concepto of type com.tecmilenio.edutec.model.MovimientoCuenta.ConceptoCargo
[ERROR] /C:/Users/jordy/OneDrive/Documentos/EduTec-Backend/Sistema-de-Administraci-n-Escolar-Backend/src/main/java/com/tecmilenio/edutec/services/PaymentService.java:[177,10] cannot find symbol
  symbol:   method setMonto(java.math.BigDecimal)
  location: variable m of type com.tecmilenio.edutec.model.MovimientoCuenta
[ERROR] /C:/Users/jordy/OneDrive/Documentos/EduTec-Backend/Sistema-de-Administraci-n-Escolar-Backend/src/main/java/com/tecmilenio/edutec/services/PaymentService.java:[178,10] cannot find symbol
  symbol:   method setFecha(java.time.LocalDateTime)
  location: variable m of type com.tecmilenio.edutec.model.MovimientoCuenta
[ERROR] /C:/Users/jordy/OneDrive/Documentos/EduTec-Backend/Sistema-de-Administraci-n-Escolar-Backend/src/main/java/com/tecmilenio/edutec/services/PaymentService.java:[184,15] cannot find symbol
  symbol:   method setIdAlumno(java.util.UUID)
  location: variable m2 of type com.tecmilenio.edutec.model.MovimientoCuenta
[ERROR] /C:/Users/jordy/OneDrive/Documentos/EduTec-Backend/Sistema-de-Administraci-n-Escolar-Backend/src/main/java/com/tecmilenio/edutec/services/PaymentService.java:[185,15] cannot find symbol
  symbol:   method setTipo(com.tecmilenio.edutec.model.MovimientoCuenta.TipoMovimiento)
  location: variable m2 of type com.tecmilenio.edutec.model.MovimientoCuenta
[ERROR] /C:/Users/jordy/OneDrive/Documentos/EduTec-Backend/Sistema-de-Administraci-n-Escolar-Backend/src/main/java/com/tecmilenio/edutec/services/PaymentService.java:[186,79] cannot find symbol
  symbol:   method getDescripcion()
  location: variable concepto of type com.tecmilenio.edutec.model.MovimientoCuenta.ConceptoCargo
[ERROR] /C:/Users/jordy/OneDrive/Documentos/EduTec-Backend/Sistema-de-Administraci-n-Escolar-Backend/src/main/java/com/tecmilenio/edutec/services/PaymentService.java:[187,15] cannot find symbol
  symbol:   method setMonto(java.math.BigDecimal)
  location: variable m2 of type com.tecmilenio.edutec.model.MovimientoCuenta
[ERROR] /C:/Users/jordy/OneDrive/Documentos/EduTec-Backend/Sistema-de-Administraci-n-Escolar-Backend/src/main/java/com/tecmilenio/edutec/services/PaymentService.java:[188,15] cannot find symbol
  symbol:   method setFecha(java.time.LocalDateTime)
  location: variable m2 of type com.tecmilenio.edutec.model.MovimientoCuenta
[ERROR] /C:/Users/jordy/OneDrive/Documentos/EduTec-Backend/Sistema-de-Administraci-n-Escolar-Backend/src/main/java/com/tecmilenio/edutec/services/PayPalService.java:[28,42] cannot find symbol
  symbol:   method getClientId()
  location: variable payPalConfig of type com.tecmilenio.edutec.config.PayPalConfig
[ERROR] /C:/Users/jordy/OneDrive/Documentos/EduTec-Backend/Sistema-de-Administraci-n-Escolar-Backend/src/main/java/com/tecmilenio/edutec/services/PayPalService.java:[28,70] cannot find symbol
  symbol:   method getClientSecret()
  location: variable payPalConfig of type com.tecmilenio.edutec.config.PayPalConfig
[ERROR] /C:/Users/jordy/OneDrive/Documentos/EduTec-Backend/Sistema-de-Administraci-n-Escolar-Backend/src/main/java/com/tecmilenio/edutec/services/PayPalService.java:[36,29] cannot find symbol
  symbol:   method getBaseUrl()
  location: variable payPalConfig of type com.tecmilenio.edutec.config.PayPalConfig
[ERROR] /C:/Users/jordy/OneDrive/Documentos/EduTec-Backend/Sistema-de-Administraci-n-Escolar-Backend/src/main/java/com/tecmilenio/edutec/services/PayPalService.java:[72,29] cannot find symbol
  symbol:   method getBaseUrl()
  location: variable payPalConfig of type com.tecmilenio.edutec.config.PayPalConfig
[ERROR] /C:/Users/jordy/OneDrive/Documentos/EduTec-Backend/Sistema-de-Administraci-n-Escolar-Backend/src/main/java/com/tecmilenio/edutec/services/PayPalService.java:[88,29] cannot find symbol
  symbol:   method getBaseUrl()
  location: variable payPalConfig of type com.tecmilenio.edutec.config.PayPalConfig
[INFO] 27 errors 
[INFO] -------------------------------------------------------------
[INFO] ------------------------------------------------------------------------
[INFO] BUILD FAILURE
[INFO] ------------------------------------------------------------------------
[INFO] Total time:  5.382 s
[INFO] Finished at: 2026-03-26T01:09:34-05:00
[INFO] ------------------------------------------------------------------------
[ERROR] Failed to execute goal org.apache.maven.plugins:maven-compiler-plugin:3.8.1:compile (default-compile) on project com.escolar: Compilation failure: Compilation failure: 
[ERROR] /C:/Users/jordy/OneDrive/Documentos/EduTec-Backend/Sistema-de-Administraci-n-Escolar-Backend/src/main/java/com/tecmilenio/edutec/services/PaymentService.java:[107,19] cannot find symbol
[ERROR]   symbol:   method setSaldoPendiente(java.math.BigDecimal)
[ERROR]   location: variable cuenta of type com.tecmilenio.edutec.model.CuentaAlumno
[ERROR] /C:/Users/jordy/OneDrive/Documentos/EduTec-Backend/Sistema-de-Administraci-n-Escolar-Backend/src/main/java/com/tecmilenio/edutec/services/PaymentService.java:[108,19] cannot find symbol
[ERROR]   symbol:   method setSaldoAFavor(java.math.BigDecimal)
[ERROR]   location: variable cuenta of type com.tecmilenio.edutec.model.CuentaAlumno
[ERROR] /C:/Users/jordy/OneDrive/Documentos/EduTec-Backend/Sistema-de-Administraci-n-Escolar-Backend/src/main/java/com/tecmilenio/edutec/services/PaymentService.java:[116,14] cannot find symbol
[ERROR]   symbol:   method setIdAlumno(java.util.UUID)
[ERROR]   location: variable m of type com.tecmilenio.edutec.model.MovimientoCuenta
[ERROR] /C:/Users/jordy/OneDrive/Documentos/EduTec-Backend/Sistema-de-Administraci-n-Escolar-Backend/src/main/java/com/tecmilenio/edutec/services/PaymentService.java:[117,14] cannot find symbol
[ERROR]   symbol:   method setTipo(com.tecmilenio.edutec.model.MovimientoCuenta.TipoMovimiento)
[ERROR]   location: variable m of type com.tecmilenio.edutec.model.MovimientoCuenta
[ERROR] /C:/Users/jordy/OneDrive/Documentos/EduTec-Backend/Sistema-de-Administraci-n-Escolar-Backend/src/main/java/com/tecmilenio/edutec/services/PaymentService.java:[118,14] cannot find symbol
[ERROR]   symbol:   method setConcepto(java.lang.String)
[ERROR]   location: variable m of type com.tecmilenio.edutec.model.MovimientoCuenta
[ERROR] /C:/Users/jordy/OneDrive/Documentos/EduTec-Backend/Sistema-de-Administraci-n-Escolar-Backend/src/main/java/com/tecmilenio/edutec/services/PaymentService.java:[119,14] cannot find symbol
[ERROR]   symbol:   method setMonto(java.math.BigDecimal)
[ERROR]   location: variable m of type com.tecmilenio.edutec.model.MovimientoCuenta
[ERROR] /C:/Users/jordy/OneDrive/Documentos/EduTec-Backend/Sistema-de-Administraci-n-Escolar-Backend/src/main/java/com/tecmilenio/edutec/services/PaymentService.java:[120,14] cannot find symbol
[ERROR]   symbol:   method setFecha(java.time.LocalDateTime)
[ERROR]   location: variable m of type com.tecmilenio.edutec.model.MovimientoCuenta
[ERROR] /C:/Users/jordy/OneDrive/Documentos/EduTec-Backend/Sistema-de-Administraci-n-Escolar-Backend/src/main/java/com/tecmilenio/edutec/services/PaymentService.java:[139,60] cannot find symbol
[ERROR]   symbol:   method findByIdAlumnoOrderByFechaDesc(java.util.UUID)
[ERROR]   location: variable movimientoRepo of type com.tecmilenio.edutec.repository.MovimientoCuentaRepository
[ERROR] /C:/Users/jordy/OneDrive/Documentos/EduTec-Backend/Sistema-de-Administraci-n-Escolar-Backend/src/main/java/com/tecmilenio/edutec/services/PaymentService.java:[144,38] incompatible types: com.tecmilenio.edutec.model.MovimientoCuenta.ConceptoCargo cannot be converted to java.lang.String
[ERROR] /C:/Users/jordy/OneDrive/Documentos/EduTec-Backend/Sistema-de-Administraci-n-Escolar-Backend/src/main/java/com/tecmilenio/edutec/services/PaymentService.java:[148,25] incompatible types: inference variable T has incompatible bounds
[ERROR]     equality constraints: com.tecmilenio.edutec.dto.response.EstadoCuentaDTO.MovimientoDTO
[ERROR]     lower bounds: java.lang.Object
[ERROR] /C:/Users/jordy/OneDrive/Documentos/EduTec-Backend/Sistema-de-Administraci-n-Escolar-Backend/src/main/java/com/tecmilenio/edutec/services/PaymentService.java:[168,15] cannot find symbol
[ERROR]   symbol:   method setSaldoAFavor(java.math.BigDecimal)
[ERROR]   location: variable cuenta of type com.tecmilenio.edutec.model.CuentaAlumno
[ERROR] /C:/Users/jordy/OneDrive/Documentos/EduTec-Backend/Sistema-de-Administraci-n-Escolar-Backend/src/main/java/com/tecmilenio/edutec/services/PaymentService.java:[169,15] cannot find symbol
[ERROR]   symbol:   method setSaldoPendiente(java.math.BigDecimal)
[ERROR]   location: variable cuenta of type com.tecmilenio.edutec.model.CuentaAlumno
[ERROR] /C:/Users/jordy/OneDrive/Documentos/EduTec-Backend/Sistema-de-Administraci-n-Escolar-Backend/src/main/java/com/tecmilenio/edutec/services/PaymentService.java:[174,10] cannot find symbol
[ERROR]   symbol:   method setIdAlumno(java.util.UUID)
[ERROR]   location: variable m of type com.tecmilenio.edutec.model.MovimientoCuenta
[ERROR] /C:/Users/jordy/OneDrive/Documentos/EduTec-Backend/Sistema-de-Administraci-n-Escolar-Backend/src/main/java/com/tecmilenio/edutec/services/PaymentService.java:[175,10] cannot find symbol
[ERROR]   symbol:   method setTipo(com.tecmilenio.edutec.model.MovimientoCuenta.TipoMovimiento)
[ERROR]   location: variable m of type com.tecmilenio.edutec.model.MovimientoCuenta
[ERROR] /C:/Users/jordy/OneDrive/Documentos/EduTec-Backend/Sistema-de-Administraci-n-Escolar-Backend/src/main/java/com/tecmilenio/edutec/services/PaymentService.java:[176,31] cannot find symbol
[ERROR]   symbol:   method getDescripcion()
[ERROR]   location: variable concepto of type com.tecmilenio.edutec.model.MovimientoCuenta.ConceptoCargo
[ERROR] /C:/Users/jordy/OneDrive/Documentos/EduTec-Backend/Sistema-de-Administraci-n-Escolar-Backend/src/main/java/com/tecmilenio/edutec/services/PaymentService.java:[177,10] cannot find symbol
[ERROR]   symbol:   method setMonto(java.math.BigDecimal)
[ERROR]   location: variable m of type com.tecmilenio.edutec.model.MovimientoCuenta
[ERROR] /C:/Users/jordy/OneDrive/Documentos/EduTec-Backend/Sistema-de-Administraci-n-Escolar-Backend/src/main/java/com/tecmilenio/edutec/services/PaymentService.java:[178,10] cannot find symbol
[ERROR]   symbol:   method setFecha(java.time.LocalDateTime)
[ERROR]   location: variable m of type com.tecmilenio.edutec.model.MovimientoCuenta
[ERROR] /C:/Users/jordy/OneDrive/Documentos/EduTec-Backend/Sistema-de-Administraci-n-Escolar-Backend/src/main/java/com/tecmilenio/edutec/services/PaymentService.java:[184,15] cannot find symbol
[ERROR]   symbol:   method setIdAlumno(java.util.UUID)
[ERROR]   location: variable m2 of type com.tecmilenio.edutec.model.MovimientoCuenta
[ERROR] /C:/Users/jordy/OneDrive/Documentos/EduTec-Backend/Sistema-de-Administraci-n-Escolar-Backend/src/main/java/com/tecmilenio/edutec/services/PaymentService.java:[185,15] cannot find symbol
[ERROR]   symbol:   method setTipo(com.tecmilenio.edutec.model.MovimientoCuenta.TipoMovimiento)
[ERROR]   location: variable m2 of type com.tecmilenio.edutec.model.MovimientoCuenta
[ERROR] /C:/Users/jordy/OneDrive/Documentos/EduTec-Backend/Sistema-de-Administraci-n-Escolar-Backend/src/main/java/com/tecmilenio/edutec/services/PaymentService.java:[186,79] cannot find symbol
[ERROR]   symbol:   method getDescripcion()
[ERROR]   location: variable concepto of type com.tecmilenio.edutec.model.MovimientoCuenta.ConceptoCargo
[ERROR] /C:/Users/jordy/OneDrive/Documentos/EduTec-Backend/Sistema-de-Administraci-n-Escolar-Backend/src/main/java/com/tecmilenio/edutec/services/PaymentService.java:[187,15] cannot find symbol
[ERROR]   symbol:   method setMonto(java.math.BigDecimal)
[ERROR]   location: variable m2 of type com.tecmilenio.edutec.model.MovimientoCuenta
[ERROR] /C:/Users/jordy/OneDrive/Documentos/EduTec-Backend/Sistema-de-Administraci-n-Escolar-Backend/src/main/java/com/tecmilenio/edutec/services/PaymentService.java:[188,15] cannot find symbol
[ERROR]   symbol:   method setFecha(java.time.LocalDateTime)
[ERROR]   location: variable m2 of type com.tecmilenio.edutec.model.MovimientoCuenta
[ERROR] /C:/Users/jordy/OneDrive/Documentos/EduTec-Backend/Sistema-de-Administraci-n-Escolar-Backend/src/main/java/com/tecmilenio/edutec/services/PayPalService.java:[28,42] cannot find symbol
[ERROR]   symbol:   method getClientId()
[ERROR]   location: variable payPalConfig of type com.tecmilenio.edutec.config.PayPalConfig
[ERROR] /C:/Users/jordy/OneDrive/Documentos/EduTec-Backend/Sistema-de-Administraci-n-Escolar-Backend/src/main/java/com/tecmilenio/edutec/services/PayPalService.java:[28,70] cannot find symbol
[ERROR]   symbol:   method getClientSecret()
[ERROR]   location: variable payPalConfig of type com.tecmilenio.edutec.config.PayPalConfig
[ERROR] /C:/Users/jordy/OneDrive/Documentos/EduTec-Backend/Sistema-de-Administraci-n-Escolar-Backend/src/main/java/com/tecmilenio/edutec/services/PayPalService.java:[36,29] cannot find symbol
[ERROR]   symbol:   method getBaseUrl()
[ERROR]   location: variable payPalConfig of type com.tecmilenio.edutec.config.PayPalConfig
[ERROR] /C:/Users/jordy/OneDrive/Documentos/EduTec-Backend/Sistema-de-Administraci-n-Escolar-Backend/src/main/java/com/tecmilenio/edutec/services/PayPalService.java:[72,29] cannot find symbol
[ERROR]   symbol:   method getBaseUrl()
[ERROR]   location: variable payPalConfig of type com.tecmilenio.edutec.config.PayPalConfig
[ERROR] /C:/Users/jordy/OneDrive/Documentos/EduTec-Backend/Sistema-de-Administraci-n-Escolar-Backend/src/main/java/com/tecmilenio/edutec/services/PayPalService.java:[88,29] cannot find symbol
[ERROR]   symbol:   method getBaseUrl()
[ERROR]   location: variable payPalConfig of type com.tecmilenio.edutec.config.PayPalConfig
[ERROR] -> [Help 1]
[ERROR] 
[ERROR] To see the full stack trace of the errors, re-run Maven with the -e switch.
[ERROR] Re-run Maven using the -X switch to enable full debug logging.
[ERROR] 
[ERROR] For more information about the errors and possible solutions, please read the following articles:
[ERROR] [Help 1] http://cwiki.apache.org/confluence/display/MAVEN/MojoFailureException
